<?xml version="1.0" encoding="UTF-8"?>
<testsuite xmlns:xsi="http://www.w3.org/2001/XMLSchema-instance" xsi:noNamespaceSchemaLocation="https://maven.apache.org/surefire/maven-surefire-plugin/xsd/surefire-test-report-3.0.xsd" version="3.0" name="Ensak.Blanat.Blanat.BlanatApplicationTests" time="27.703" tests="1" errors="0" skipped="0" failures="0">
  <properties>
[...]
</properties>
  <testcase name="contextLoads" classname="Ensak.Blanat.Blanat.BlanatApplicationTests" time="2.537">
    <system-out><![CDATA[18:07:17.013 [main] INFO org.springframework.test.context.support.AnnotationConfigContextLoaderUtils -- Could not detect default configuration classes for test class [Ensak.Blanat.Blanat.BlanatApplicationTests]: BlanatApplicationTests does not declare any static, non-private, non-final, nested classes annotated with @Configuration.
18:07:17.862 [main] INFO org.springframework.boot.test.context.SpringBootTestContextBootstrapper -- Found @SpringBootConfiguration Ensak.Blanat.Blanat.BlanatApplication for test class Ensak.Blanat.Blanat.BlanatApplicationTests

  .   ____          _            __ _ _
 /\\ / ___'_ __ _ _(_)_ __  __ _ \ \ \ \
( ( )\___ | '_ | '_| | '_ \/ _` | \ \ \ \
 \\/  ___)| |_)| | | | | || (_| |  ) ) ) )
  '  |____| .__|_| |_|_| |_\__, | / / / /
 =========|_|==============|___/=/_/_/_/
 :: Spring Boot ::                (v3.2.0)

2023-12-02T18:07:19.844+01:00  INFO 9780 --- [           main] E.Blanat.Blanat.BlanatApplicationTests   : Starting BlanatApplicationTests using Java 17.0.8 with PID 9780 (started by hp in C:\Users\hp\Desktop\blabla\backendRepo\Blanat)
2023-12-02T18:07:19.848+01:00  INFO 9780 --- [           main] E.Blanat.Blanat.BlanatApplicationTests   : No active profile set, falling back to 1 default profile: "default"
2023-12-02T18:07:23.750+01:00  INFO 9780 --- [           main] .s.d.r.c.RepositoryConfigurationDelegate : Bootstrapping Spring Data JPA repositories in DEFAULT mode.
2023-12-02T18:07:24.081+01:00  INFO 9780 --- [           main] .s.d.r.c.RepositoryConfigurationDelegate : Finished Spring Data repository scanning in 246 ms. Found 4 JPA repository interfaces.
2023-12-02T18:07:27.189+01:00  INFO 9780 --- [           main] o.hibernate.jpa.internal.util.LogHelper  : HHH000204: Processing PersistenceUnitInfo [name: default]
2023-12-02T18:07:27.429+01:00  INFO 9780 --- [           main] org.hibernate.Version                    : HHH000412: Hibernate ORM core version 6.3.1.Final
2023-12-02T18:07:27.567+01:00  INFO 9780 --- [           main] o.h.c.internal.RegionFactoryInitiator    : HHH000026: Second-level cache disabled
2023-12-02T18:07:29.069+01:00  INFO 9780 --- [           main] o.s.o.j.p.SpringPersistenceUnitInfo      : No LoadTimeWeaver setup: ignoring JPA class transformer
2023-12-02T18:07:29.195+01:00  INFO 9780 --- [           main] com.zaxxer.hikari.HikariDataSource       : HikariPool-1 - Starting...
2023-12-02T18:07:29.985+01:00  INFO 9780 --- [           main] com.zaxxer.hikari.pool.HikariPool        : HikariPool-1 - Added connection com.mysql.cj.jdbc.ConnectionImpl@5fb07347
2023-12-02T18:07:29.992+01:00  INFO 9780 --- [           main] com.zaxxer.hikari.HikariDataSource       : HikariPool-1 - Start completed.
2023-12-02T18:07:30.195+01:00  WARN 9780 --- [           main] org.hibernate.dialect.Dialect            : HHH000511: The 5.5.0 version for [org.hibernate.dialect.MySQLDialect] is no longer supported, hence certain features may not work properly. The minimum supported version is 5.7.0. Check the community dialects project for available legacy versions.
2023-12-02T18:07:34.003+01:00  INFO 9780 --- [           main] o.h.e.t.j.p.i.JtaPlatformInitiator       : HHH000489: No JTA platform available (set 'hibernate.transaction.jta.platform' to enable JTA platform integration)
2023-12-02T18:07:34.577+01:00  INFO 9780 --- [           main] j.LocalContainerEntityManagerFactoryBean : Initialized JPA EntityManagerFactory for persistence unit 'default'
2023-12-02T18:07:36.378+01:00  WARN 9780 --- [           main] JpaBaseConfiguration$JpaWebConfiguration : spring.jpa.open-in-view is enabled by default. Therefore, database queries may be performed during view rendering. Explicitly configure spring.jpa.open-in-view to disable this warning
2023-12-02T18:07:37.706+01:00  INFO 9780 --- [           main] o.s.s.web.DefaultSecurityFilterChain     : Will secure any request with [org.springframework.security.web.session.DisableEncodeUrlFilter@a1689e8, org.springframework.security.web.context.request.async.WebAsyncManagerIntegrationFilter@4bb644dc, org.springframework.security.web.context.SecurityContextHolderFilter@3284de45, org.springframework.security.web.header.HeaderWriterFilter@32da6cef, org.springframework.web.filter.CorsFilter@23b3afb4, org.springframework.security.web.authentication.logout.LogoutFilter@308e465b, Ensak.Blanat.Blanat.filters.authFilters.JwtAuthenticationFilter@4a3404fa, org.springframework.security.web.savedrequest.RequestCacheAwareFilter@4fccdd1d, org.springframework.security.web.servletapi.SecurityContextHolderAwareRequestFilter@22c0c0bc, org.springframework.security.web.authentication.AnonymousAuthenticationFilter@2162598, org.springframework.security.web.session.SessionManagementFilter@c2dab10, org.springframework.security.web.access.ExceptionTranslationFilter@3a2881d6, org.springframework.security.web.access.intercept.AuthorizationFilter@1e4bf55b]
2023-12-02T18:07:40.086+01:00  INFO 9780 --- [           main] E.Blanat.Blanat.BlanatApplicationTests   : Started BlanatApplicationTests in 21.411 seconds (process running for 25.837)
]]></system-out>
  </testcase>
</testsuite>